mode: atomic
github.com/BobbyBakes/CopyrightedPhrases/main.go:5.13,7.2 1 0
github.com/BobbyBakes/CopyrightedPhrases/app/cmd/create.go:10.13,12.2 1 1
github.com/BobbyBakes/CopyrightedPhrases/app/cmd/create.go:21.54,23.8 2 2
github.com/BobbyBakes/CopyrightedPhrases/app/cmd/create.go:23.8,25.3 1 1
github.com/BobbyBakes/CopyrightedPhrases/app/cmd/create.go:25.8,27.3 1 1
github.com/BobbyBakes/CopyrightedPhrases/app/cmd/root.go:15.22,17.2 1 1
github.com/BobbyBakes/CopyrightedPhrases/app/cmd/test_mocks.go:7.48,7.74 1 2
github.com/BobbyBakes/CopyrightedPhrases/app/service/msg_service.go:11.43,11.58 1 1
github.com/BobbyBakes/CopyrightedPhrases/app/service/msg_service.go:13.13,15.2 1 1
